<?xml version="1.0" encoding="UTF-8"?>
<!-- Generated by org.testng.reporters.JUnitXMLReporter -->
<testsuite ignored="0" hostname="Dalals-MacBook-Pro.local" failures="1" tests="23" name="Cart Management Tests" time="626.139" errors="0" timestamp="2025-02-24T00:59:56 GMT+04:00">
  <testcase classname="tests.cartManagement.AddToCartTest" name="testAddItemFromCategoryPageValidInputs" time="16.633"/>
  <testcase classname="tests.cartManagement.AddToCartTest" name="testAddItemFromCategoryPageValidInputs" time="18.902"/>
  <testcase classname="tests.cartManagement.AddToCartTest" name="testAddItemFromCategoryPageValidInputs" time="16.876"/>
  <testcase classname="tests.cartManagement.AddToCartTest" name="testAddItemFromCategoryPageValidInputs" time="15.93"/>
  <testcase classname="tests.cartManagement.AddToCartTest" name="testAddItemFromHomePageValidInputs" time="55.873"/>
  <testcase classname="tests.cartManagement.AddToCartTest" name="testAddItemFromProductPageValidInputs" time="17.181">
    <failure type="org.openqa.selenium.NoSuchElementException" message="no such element: Unable to locate element: {&amp;quot;method&amp;quot;:&amp;quot;css selector&amp;quot;,&amp;quot;selector&amp;quot;:&amp;quot;.message-success&amp;quot;}
  (Session info: chrome=133.0.6943.127)
For documentation on this error, please visit: https://www.selenium.dev/documentation/webdriver/troubleshooting/errors#no-such-element-exception
Build info: version: &amp;apos;4.28.1&amp;apos;, revision: &amp;apos;73f5ad48a2&amp;apos;
System info: os.name: &amp;apos;Mac OS X&amp;apos;, os.arch: &amp;apos;aarch64&amp;apos;, os.version: &amp;apos;15.3&amp;apos;, java.version: &amp;apos;23.0.2&amp;apos;
Driver info: org.openqa.selenium.chrome.ChromeDriver
Command: [162248c57e090c9d8709b27239fb7cf7, findElement {value=.message-success, using=css selector}]
Capabilities {acceptInsecureCerts: false, browserName: chrome, browserVersion: 133.0.6943.127, chrome: {chromedriverVersion: 133.0.6943.126 (cffa127ce7b..., userDataDir: /var/folders/xb/lykg2kw15nj...}, fedcm:accounts: true, goog:chromeOptions: {debuggerAddress: localhost:59606}, networkConnectionEnabled: false, pageLoadStrategy: normal, platformName: mac, proxy: Proxy(), se:cdp: ws://localhost:59606/devtoo..., se:cdpVersion: 133.0.6943.127, setWindowRect: true, strictFileInteractability: false, timeouts: {implicit: 0, pageLoad: 300000, script: 30000}, unhandledPromptBehavior: dismiss and notify, webauthn:extension:credBlob: true, webauthn:extension:largeBlob: true, webauthn:extension:minPinLength: true, webauthn:extension:prf: true, webauthn:virtualAuthenticators: true}
Session ID: 162248c57e090c9d8709b27239fb7cf7">
      <![CDATA[org.openqa.selenium.NoSuchElementException: no such element: Unable to locate element: {"method":"css selector","selector":".message-success"}
  (Session info: chrome=133.0.6943.127)
For documentation on this error, please visit: https://www.selenium.dev/documentation/webdriver/troubleshooting/errors#no-such-element-exception
Build info: version: '4.28.1', revision: '73f5ad48a2'
System info: os.name: 'Mac OS X', os.arch: 'aarch64', os.version: '15.3', java.version: '23.0.2'
Driver info: org.openqa.selenium.chrome.ChromeDriver
Command: [162248c57e090c9d8709b27239fb7cf7, findElement {value=.message-success, using=css selector}]
Capabilities {acceptInsecureCerts: false, browserName: chrome, browserVersion: 133.0.6943.127, chrome: {chromedriverVersion: 133.0.6943.126 (cffa127ce7b..., userDataDir: /var/folders/xb/lykg2kw15nj...}, fedcm:accounts: true, goog:chromeOptions: {debuggerAddress: localhost:59606}, networkConnectionEnabled: false, pageLoadStrategy: normal, platformName: mac, proxy: Proxy(), se:cdp: ws://localhost:59606/devtoo..., se:cdpVersion: 133.0.6943.127, setWindowRect: true, strictFileInteractability: false, timeouts: {implicit: 0, pageLoad: 300000, script: 30000}, unhandledPromptBehavior: dismiss and notify, webauthn:extension:credBlob: true, webauthn:extension:largeBlob: true, webauthn:extension:minPinLength: true, webauthn:extension:prf: true, webauthn:virtualAuthenticators: true}
Session ID: 162248c57e090c9d8709b27239fb7cf7
at org.openqa.selenium.remote.ErrorCodec.decode(ErrorCodec.java:167)
at org.openqa.selenium.remote.codec.w3c.W3CHttpResponseCodec.decode(W3CHttpResponseCodec.java:138)
at org.openqa.selenium.remote.codec.w3c.W3CHttpResponseCodec.decode(W3CHttpResponseCodec.java:50)
at org.openqa.selenium.remote.HttpCommandExecutor.execute(HttpCommandExecutor.java:215)
at org.openqa.selenium.remote.service.DriverCommandExecutor.invokeExecute(DriverCommandExecutor.java:216)
at org.openqa.selenium.remote.service.DriverCommandExecutor.execute(DriverCommandExecutor.java:174)
at org.openqa.selenium.remote.RemoteWebDriver.execute(RemoteWebDriver.java:545)
at org.openqa.selenium.remote.ElementLocation$ElementFinder$2.findElement(ElementLocation.java:165)
at org.openqa.selenium.remote.ElementLocation.findElement(ElementLocation.java:59)
at org.openqa.selenium.remote.RemoteWebDriver.findElement(RemoteWebDriver.java:368)
at org.openqa.selenium.remote.RemoteWebDriver.findElement(RemoteWebDriver.java:362)
at pom.ProductPage.getSuccessMessageColor(ProductPage.java:24)
at tests.cartManagement.AddToCartTest.verifyAddProductToCartFromProductPage(AddToCartTest.java:122)
at tests.cartManagement.AddToCartTest.testAddItemFromProductPageValidInputs(AddToCartTest.java:60)
at java.base/java.util.concurrent.Executors$RunnableAdapter.call(Executors.java:572)
at java.base/java.util.concurrent.FutureTask.run(FutureTask.java:317)
at java.base/java.util.concurrent.ThreadPoolExecutor.runWorker(ThreadPoolExecutor.java:1144)
at java.base/java.util.concurrent.ThreadPoolExecutor$Worker.run(ThreadPoolExecutor.java:642)
at java.base/java.lang.Thread.run(Thread.java:1575)
... Removed 14 stack frames]]>
    </failure>
  </testcase> <!-- testAddItemFromProductPageValidInputs -->
  <testcase classname="tests.cartManagement.AddToCartTest" name="testAddItemFromProductPageValidInputs" time="9.021"/>
  <testcase classname="tests.cartManagement.MoveToWishListTest" name="testMoveToWishlistAsLoggedInUser" time="27.951"/>
  <testcase classname="tests.cartManagement.CouponValidationTest" name="testValidCoupon" time="0.003">
    <skipped/>
  </testcase> <!-- testValidCoupon -->
  <testcase classname="tests.cartManagement.AddToCartTest" name="testAddItemFromCategoryPageInValidInputs" time="11.414"/>
  <testcase classname="tests.cartManagement.AddToCartTest" name="testAddItemFromHomePageInValidInputs" time="11.227"/>
  <testcase classname="tests.cartManagement.AddToCartTest" name="testAddItemFromProductPageInValidInputs" time="7.997"/>
  <testcase classname="tests.cartManagement.CartPersistenceTest" name="testGuestToLoggedInCartSync" time="14.052"/>
  <testcase classname="tests.cartManagement.CartPersistenceTest" name="testGuestUserCartPersistence" time="17.615"/>
  <testcase classname="tests.cartManagement.CouponValidationTest" name="testInvalidCoupon" time="20.824"/>
  <testcase classname="tests.cartManagement.CartPersistenceTest" name="testLoggedInUserCartPersistence" time="24.982"/>
  <testcase classname="tests.cartManagement.MoveToWishListTest" name="testMoveToWishlistAsGuestUser" time="29.687"/>
  <testcase classname="tests.cartManagement.NavigateToCartTest" name="testNavigateFromCartIcon" time="17.603"/>
  <testcase classname="tests.cartManagement.NavigateToCartTest" name="testNavigateFromSuccessMessage" time="17.616"/>
  <testcase classname="tests.cartManagement.RemoveFromCartTest" name="testRemoveAllItemsFromCart" time="35.83"/>
  <testcase classname="tests.cartManagement.RemoveFromCartTest" name="testRemoveItemFromCart" time="27.498"/>
  <testcase classname="tests.cartManagement.RemoveFromCartTest" name="testRemoveItemFromCart" time="27.58"/>
  <testcase classname="tests.cartManagement.RemoveFromCartTest" name="testRemoveItemFromCartFromMultipleItems" time="24.588"/>
</testsuite> <!-- Cart Management Tests -->
