<!DOCTYPE html PUBLIC "-//W3C//DTD XHTML 1.1//EN" "https://www.w3.org/TR/xhtml11/DTD/xhtml11.dtd">
<html xmlns="https://www.w3.org/1999/xhtml">
<head>
<meta http-equiv="content-type" content="text/html; charset=UTF-8"/>
<title>TestNG Report</title>
<style type="text/css">table {margin-bottom:10px;border-collapse:collapse;empty-cells:show}th,td {border:1px solid #009;padding:.25em .5em}th {vertical-align:bottom}td {vertical-align:top}table a {font-weight:bold}.stripe td {background-color: #E6EBF9}.num {text-align:right}.passedodd td {background-color: #3F3}.passedeven td {background-color: #0A0}.skippedodd td {background-color: #DDD}.skippedeven td {background-color: #CCC}.failedodd td,.attn {background-color: #F33}.failedeven td,.stripe .attn {background-color: #D00}.stacktrace {white-space:pre;font-family:monospace}.totop {font-size:85%;text-align:center;border-bottom:2px solid #000}.invisible {display:none}</style>
</head>
<body>
<table>
<tr><th>Test</th><th># Passed</th><th># Skipped</th><th># Retried</th><th># Failed</th><th>Time (ms)</th><th>Included Groups</th><th>Excluded Groups</th></tr>
<tr><th colspan="8">Ecommerce-testing</th></tr>
<tr><td><a href="#t0">Cart Management Tests</a></td><td class="num">21</td><td class="num attn">1</td><td class="num">0</td><td class="num attn">1</td><td class="num">626,139</td><td></td><td></td></tr>
<tr class="stripe"><td><a href="#t1">WishList Management Tests</a></td><td class="num">5</td><td class="num">0</td><td class="num">0</td><td class="num attn">4</td><td class="num">184,470</td><td></td><td></td></tr>
<tr><td><a href="#t2">Login Functionality</a></td><td class="num">5</td><td class="num">0</td><td class="num">0</td><td class="num attn">1</td><td class="num">82,754</td><td></td><td></td></tr>
<tr><th>Total</th><th class="num">31</th><th class="num attn">1</th><th class="num">0</th><th class="num attn">6</th><th class="num">893,363</th><th colspan="2"></th></tr>
</table>
<table id='summary'><thead><tr><th>Class</th><th>Method</th><th>Start</th><th>Time (ms)</th></tr></thead><tbody><tr><th colspan="4">Ecommerce-testing</th></tr></tbody><tbody id="t0"><tr><th colspan="4">Cart Management Tests &#8212; failed</th></tr><tr class="failedeven"><td rowspan="1">tests.cartManagement.AddToCartTest</td><td><a href="#m0">testAddItemFromProductPageValidInputs</a></td><td rowspan="1">1740343930994</td><td rowspan="1">17181</td></tr><tr><th colspan="4">Cart Management Tests &#8212; skipped</th></tr><tr class="skippedeven"><td rowspan="1">tests.cartManagement.CouponValidationTest</td><td><a href="#m1">testValidCoupon</a></td><td rowspan="1">1740344001637</td><td rowspan="1">3</td></tr><tr><th colspan="4">Cart Management Tests &#8212; passed</th></tr><tr class="passedeven"><td rowspan="9">tests.cartManagement.AddToCartTest</td><td><a href="#m2">testAddItemFromCategoryPageInValidInputs</a></td><td rowspan="1">1740344007125</td><td rowspan="1">11414</td></tr><tr class="passedeven"><td><a href="#m3">testAddItemFromCategoryPageValidInputs</a></td><td rowspan="4">1740343777784</td><td rowspan="4">16633</td></tr><tr class="passedeven"><td><a href="#m4">testAddItemFromCategoryPageValidInputs</a></td></tr><tr class="passedeven"><td><a href="#m5">testAddItemFromCategoryPageValidInputs</a></td></tr><tr class="passedeven"><td><a href="#m6">testAddItemFromCategoryPageValidInputs</a></td></tr><tr class="passedeven"><td><a href="#m7">testAddItemFromHomePageInValidInputs</a></td><td rowspan="1">1740344025475</td><td rowspan="1">11227</td></tr><tr class="passedeven"><td><a href="#m8">testAddItemFromHomePageValidInputs</a></td><td rowspan="1">1740343871168</td><td rowspan="1">55873</td></tr><tr class="passedeven"><td><a href="#m9">testAddItemFromProductPageInValidInputs</a></td><td rowspan="1">1740344042457</td><td rowspan="1">7997</td></tr><tr class="passedeven"><td><a href="#m10">testAddItemFromProductPageValidInputs</a></td><td rowspan="1">1740343953131</td><td rowspan="1">9021</td></tr><tr class="passedodd"><td rowspan="3">tests.cartManagement.CartPersistenceTest</td><td><a href="#m11">testGuestToLoggedInCartSync</a></td><td rowspan="1">1740344060183</td><td rowspan="1">14052</td></tr><tr class="passedodd"><td><a href="#m12">testGuestUserCartPersistence</a></td><td rowspan="1">1740344081497</td><td rowspan="1">17615</td></tr><tr class="passedodd"><td><a href="#m13">testLoggedInUserCartPersistence</a></td><td rowspan="1">1740344128153</td><td rowspan="1">24982</td></tr><tr class="passedeven"><td rowspan="1">tests.cartManagement.CouponValidationTest</td><td><a href="#m14">testInvalidCoupon</a></td><td rowspan="1">1740344104329</td><td rowspan="1">20824</td></tr><tr class="passedodd"><td rowspan="2">tests.cartManagement.MoveToWishListTest</td><td><a href="#m15">testMoveToWishlistAsGuestUser</a></td><td rowspan="1">1740344164983</td><td rowspan="1">29687</td></tr><tr class="passedodd"><td><a href="#m16">testMoveToWishlistAsLoggedInUser</a></td><td rowspan="1">1740343965133</td><td rowspan="1">27951</td></tr><tr class="passedeven"><td rowspan="2">tests.cartManagement.NavigateToCartTest</td><td><a href="#m17">testNavigateFromCartIcon</a></td><td rowspan="1">1740344201430</td><td rowspan="1">17603</td></tr><tr class="passedeven"><td><a href="#m18">testNavigateFromSuccessMessage</a></td><td rowspan="1">1740344224959</td><td rowspan="1">17616</td></tr><tr class="passedodd"><td rowspan="4">tests.cartManagement.RemoveFromCartTest</td><td><a href="#m19">testRemoveAllItemsFromCart</a></td><td rowspan="1">1740344249438</td><td rowspan="1">35830</td></tr><tr class="passedodd"><td><a href="#m20">testRemoveItemFromCart</a></td><td rowspan="2">1740344297478</td><td rowspan="2">27498</td></tr><tr class="passedodd"><td><a href="#m21">testRemoveItemFromCart</a></td></tr><tr class="passedodd"><td><a href="#m22">testRemoveItemFromCartFromMultipleItems</a></td><td rowspan="1">1740344371302</td><td rowspan="1">24588</td></tr></tbody>
<tbody id="t1"><tr><th colspan="4">WishList Management Tests &#8212; failed</th></tr><tr class="failedeven"><td rowspan="1">tests.wishlistManagement.TS_501_AddToWishlist</td><td><a href="#m23">addFromCategoryListWithDetails</a></td><td rowspan="1">1740344420626</td><td rowspan="1">14091</td></tr><tr class="failedodd"><td rowspan="2">tests.wishlistManagement.TS_504_ShareWishList</td><td><a href="#m24">shareWishListWithInvalidEmail</a></td><td rowspan="1">1740344569465</td><td rowspan="1">10331</td></tr><tr class="failedodd"><td><a href="#m25">shareWishListWithValidEmails</a></td><td rowspan="1">1740344514281</td><td rowspan="1">10363</td></tr><tr class="failedeven"><td rowspan="1">tests.wishlistManagement.TS_505_EditWishlist</td><td><a href="#m26">editItemInWishList</a></td><td rowspan="1">1740344477066</td><td rowspan="1">27580</td></tr><tr><th colspan="4">WishList Management Tests &#8212; passed</th></tr><tr class="passedeven"><td rowspan="3">tests.wishlistManagement.TS_501_AddToWishlist</td><td><a href="#m27">addFromProductPageWithDetails</a></td><td rowspan="1">1740344448941</td><td rowspan="1">8256</td></tr><tr class="passedeven"><td><a href="#m28">addFromProductPageWithoutDetails</a></td><td rowspan="1">1740344434720</td><td rowspan="1">14218</td></tr><tr class="passedeven"><td><a href="#m29">addToWishlistWithoutLogin</a></td><td rowspan="1">1740344406030</td><td rowspan="1">14587</td></tr><tr class="passedodd"><td rowspan="1">tests.wishlistManagement.TS_502_RemoveFromWishList</td><td><a href="#m30">WL009_removeItemFromWishlist</a></td><td rowspan="1">1740344457200</td><td rowspan="1">19865</td></tr><tr class="passedeven"><td rowspan="1">tests.wishlistManagement.TS_503_EmptyWishlist</td><td><a href="#m31">emptyTheWishlist</a></td><td rowspan="1">1740344533637</td><td rowspan="1">12822</td></tr></tbody>
<tbody id="t2"><tr><th colspan="4">Login Functionality &#8212; failed</th></tr><tr class="failedeven"><td rowspan="1">tests.loginFunctionality.LoginTest</td><td><a href="#m32">testInvalidEmailFormat</a></td><td rowspan="1">1740344609400</td><td rowspan="1">8223</td></tr><tr><th colspan="4">Login Functionality &#8212; passed</th></tr><tr class="passedeven"><td rowspan="5">tests.loginFunctionality.LoginTest</td><td><a href="#m33">LoginWithEmptyFields</a></td><td rowspan="1">1740344580656</td><td rowspan="1">17837</td></tr><tr class="passedeven"><td><a href="#m34">testCorrectCredentials</a></td><td rowspan="1">1740344652252</td><td rowspan="1">11157</td></tr><tr class="passedeven"><td><a href="#m35">testInsensivity</a></td><td rowspan="1">1740344598494</td><td rowspan="1">10905</td></tr><tr class="passedeven"><td><a href="#m36">testLogout</a></td><td rowspan="1">1740344617624</td><td rowspan="1">23435</td></tr><tr class="passedeven"><td><a href="#m37">testWrongCredentials</a></td><td rowspan="1">1740344641060</td><td rowspan="1">11191</td></tr></tbody>
</table>
<h2>Cart Management Tests</h2><h3 id="m0">tests.cartManagement.AddToCartTest#testAddItemFromProductPageValidInputs</h3><table class="result"><tr class="param"><th>Parameter #1</th><th>Parameter #2</th><th>Parameter #3</th><th>Parameter #4</th><th>Parameter #5</th><th>Parameter #6</th><th>Parameter #7</th></tr><tr class="param stripe"><td>a#ui-id-6</td><td>a#ui-id-25</td><td>Push It Messenger Bag</td><td>45</td><td>false</td><td>1</td><td>https://magento.softwaretestingboard.com/push-it-messenger-bag.html</td></tr><tr><th colspan="7">Exception</th></tr><tr><td colspan="7"><div class="stacktrace">org.openqa.selenium.NoSuchElementException: no such element: Unable to locate element: {&quot;method&quot;:&quot;css selector&quot;,&quot;selector&quot;:&quot;.message-success&quot;}
  (Session info: chrome=133.0.6943.127)
For documentation on this error, please visit: https://www.selenium.dev/documentation/webdriver/troubleshooting/errors#no-such-element-exception
Build info: version: &apos;4.28.1&apos;, revision: &apos;73f5ad48a2&apos;
System info: os.name: &apos;Mac OS X&apos;, os.arch: &apos;aarch64&apos;, os.version: &apos;15.3&apos;, java.version: &apos;23.0.2&apos;
Driver info: org.openqa.selenium.chrome.ChromeDriver
Command: [162248c57e090c9d8709b27239fb7cf7, findElement {value=.message-success, using=css selector}]
Capabilities {acceptInsecureCerts: false, browserName: chrome, browserVersion: 133.0.6943.127, chrome: {chromedriverVersion: 133.0.6943.126 (cffa127ce7b..., userDataDir: /var/folders/xb/lykg2kw15nj...}, fedcm:accounts: true, goog:chromeOptions: {debuggerAddress: localhost:59606}, networkConnectionEnabled: false, pageLoadStrategy: normal, platformName: mac, proxy: Proxy(), se:cdp: ws://localhost:59606/devtoo..., se:cdpVersion: 133.0.6943.127, setWindowRect: true, strictFileInteractability: false, timeouts: {implicit: 0, pageLoad: 300000, script: 30000}, unhandledPromptBehavior: dismiss and notify, webauthn:extension:credBlob: true, webauthn:extension:largeBlob: true, webauthn:extension:minPinLength: true, webauthn:extension:prf: true, webauthn:virtualAuthenticators: true}
Session ID: 162248c57e090c9d8709b27239fb7cf7
	at org.openqa.selenium.remote.ErrorCodec.decode(ErrorCodec.java:167)
	at org.openqa.selenium.remote.codec.w3c.W3CHttpResponseCodec.decode(W3CHttpResponseCodec.java:138)
	at org.openqa.selenium.remote.codec.w3c.W3CHttpResponseCodec.decode(W3CHttpResponseCodec.java:50)
	at org.openqa.selenium.remote.HttpCommandExecutor.execute(HttpCommandExecutor.java:215)
	at org.openqa.selenium.remote.service.DriverCommandExecutor.invokeExecute(DriverCommandExecutor.java:216)
	at org.openqa.selenium.remote.service.DriverCommandExecutor.execute(DriverCommandExecutor.java:174)
	at org.openqa.selenium.remote.RemoteWebDriver.execute(RemoteWebDriver.java:545)
	at org.openqa.selenium.remote.ElementLocation$ElementFinder$2.findElement(ElementLocation.java:165)
	at org.openqa.selenium.remote.ElementLocation.findElement(ElementLocation.java:59)
	at org.openqa.selenium.remote.RemoteWebDriver.findElement(RemoteWebDriver.java:368)
	at org.openqa.selenium.remote.RemoteWebDriver.findElement(RemoteWebDriver.java:362)
	at pom.ProductPage.getSuccessMessageColor(ProductPage.java:24)
	at tests.cartManagement.AddToCartTest.verifyAddProductToCartFromProductPage(AddToCartTest.java:122)
	at tests.cartManagement.AddToCartTest.testAddItemFromProductPageValidInputs(AddToCartTest.java:60)
	at java.base/java.util.concurrent.Executors$RunnableAdapter.call(Executors.java:572)
	at java.base/java.util.concurrent.FutureTask.run(FutureTask.java:317)
	at java.base/java.util.concurrent.ThreadPoolExecutor.runWorker(ThreadPoolExecutor.java:1144)
	at java.base/java.util.concurrent.ThreadPoolExecutor$Worker.run(ThreadPoolExecutor.java:642)
	at java.base/java.lang.Thread.run(Thread.java:1575)
... Removed 14 stack frames</div></td></tr></table><p class="totop"><a href="#summary">back to summary</a></p>
<h3 id="m1">tests.cartManagement.CouponValidationTest#testValidCoupon</h3><table class="result"><tr><th>Exception</th></tr><tr><td><div class="stacktrace">org.testng.SkipException: Skipping the valid coupon test as Cause there is no available codes.
	at tests.cartManagement.CouponValidationTest.testValidCoupon(CouponValidationTest.java:18)
	at java.base/java.util.concurrent.Executors$RunnableAdapter.call(Executors.java:572)
	at java.base/java.util.concurrent.FutureTask.run(FutureTask.java:317)
	at java.base/java.util.concurrent.ThreadPoolExecutor.runWorker(ThreadPoolExecutor.java:1144)
	at java.base/java.util.concurrent.ThreadPoolExecutor$Worker.run(ThreadPoolExecutor.java:642)
	at java.base/java.lang.Thread.run(Thread.java:1575)
... Removed 11 stack frames</div></td></tr></table><p class="totop"><a href="#summary">back to summary</a></p>
<h3 id="m2">tests.cartManagement.AddToCartTest#testAddItemFromCategoryPageInValidInputs</h3><table class="result"><tr><th class="invisible"/></tr></table><p class="totop"><a href="#summary">back to summary</a></p>
<h3 id="m3">tests.cartManagement.AddToCartTest#testAddItemFromCategoryPageValidInputs</h3><table class="result"><tr class="param"><th>Parameter #1</th><th>Parameter #2</th><th>Parameter #3</th><th>Parameter #4</th><th>Parameter #5</th><th>Parameter #6</th></tr><tr class="param stripe"><td>ui-id-4</td><td>Jackets</td><td>Olivia 1/4 Zip Light Jacket</td><td>S</td><td>Purple</td><td>77</td></tr></table><p class="totop"><a href="#summary">back to summary</a></p>
<h3 id="m4">tests.cartManagement.AddToCartTest#testAddItemFromCategoryPageValidInputs</h3><table class="result"><tr class="param"><th>Parameter #1</th><th>Parameter #2</th><th>Parameter #3</th><th>Parameter #4</th><th>Parameter #5</th><th>Parameter #6</th></tr><tr class="param stripe"><td>ui-id-4</td><td>Jackets</td><td>Neve Studio Dance Jacket</td><td>S</td><td>Orange</td><td>69</td></tr></table><p class="totop"><a href="#summary">back to summary</a></p>
<h3 id="m5">tests.cartManagement.AddToCartTest#testAddItemFromCategoryPageValidInputs</h3><table class="result"><tr class="param"><th>Parameter #1</th><th>Parameter #2</th><th>Parameter #3</th><th>Parameter #4</th><th>Parameter #5</th><th>Parameter #6</th></tr><tr class="param stripe"><td>ui-id-4</td><td>Jackets</td><td>Jade Yoga Jacket</td><td>L</td><td>Blue</td><td>32</td></tr></table><p class="totop"><a href="#summary">back to summary</a></p>
<h3 id="m6">tests.cartManagement.AddToCartTest#testAddItemFromCategoryPageValidInputs</h3><table class="result"><tr class="param"><th>Parameter #1</th><th>Parameter #2</th><th>Parameter #3</th><th>Parameter #4</th><th>Parameter #5</th><th>Parameter #6</th></tr><tr class="param stripe"><td>ui-id-5</td><td>Tees</td><td>Ryker LumaTech™ Tee (V-neck)</td><td>M</td><td>Gray</td><td>28</td></tr></table><p class="totop"><a href="#summary">back to summary</a></p>
<h3 id="m7">tests.cartManagement.AddToCartTest#testAddItemFromHomePageInValidInputs</h3><table class="result"><tr><th class="invisible"/></tr></table><p class="totop"><a href="#summary">back to summary</a></p>
<h3 id="m8">tests.cartManagement.AddToCartTest#testAddItemFromHomePageValidInputs</h3><table class="result"><tr><th class="invisible"/></tr></table><p class="totop"><a href="#summary">back to summary</a></p>
<h3 id="m9">tests.cartManagement.AddToCartTest#testAddItemFromProductPageInValidInputs</h3><table class="result"><tr><th class="invisible"/></tr></table><p class="totop"><a href="#summary">back to summary</a></p>
<h3 id="m10">tests.cartManagement.AddToCartTest#testAddItemFromProductPageValidInputs</h3><table class="result"><tr class="param"><th>Parameter #1</th><th>Parameter #2</th><th>Parameter #3</th><th>Parameter #4</th><th>Parameter #5</th><th>Parameter #6</th><th>Parameter #7</th></tr><tr class="param stripe"><td>a#ui-id-6</td><td>a#ui-id-26</td><td>Set of Sprite Yoga Straps</td><td>17</td><td>true</td><td>3</td><td>https://magento.softwaretestingboard.com/set-of-sprite-yoga-straps.html</td></tr></table><p class="totop"><a href="#summary">back to summary</a></p>
<h3 id="m11">tests.cartManagement.CartPersistenceTest#testGuestToLoggedInCartSync</h3><table class="result"><tr><th class="invisible"/></tr></table><p class="totop"><a href="#summary">back to summary</a></p>
<h3 id="m12">tests.cartManagement.CartPersistenceTest#testGuestUserCartPersistence</h3><table class="result"><tr><th class="invisible"/></tr></table><p class="totop"><a href="#summary">back to summary</a></p>
<h3 id="m13">tests.cartManagement.CartPersistenceTest#testLoggedInUserCartPersistence</h3><table class="result"><tr><th class="invisible"/></tr></table><p class="totop"><a href="#summary">back to summary</a></p>
<h3 id="m14">tests.cartManagement.CouponValidationTest#testInvalidCoupon</h3><table class="result"><tr><th class="invisible"/></tr></table><p class="totop"><a href="#summary">back to summary</a></p>
<h3 id="m15">tests.cartManagement.MoveToWishListTest#testMoveToWishlistAsGuestUser</h3><table class="result"><tr><th class="invisible"/></tr></table><p class="totop"><a href="#summary">back to summary</a></p>
<h3 id="m16">tests.cartManagement.MoveToWishListTest#testMoveToWishlistAsLoggedInUser</h3><table class="result"><tr><th class="invisible"/></tr></table><p class="totop"><a href="#summary">back to summary</a></p>
<h3 id="m17">tests.cartManagement.NavigateToCartTest#testNavigateFromCartIcon</h3><table class="result"><tr><th class="invisible"/></tr></table><p class="totop"><a href="#summary">back to summary</a></p>
<h3 id="m18">tests.cartManagement.NavigateToCartTest#testNavigateFromSuccessMessage</h3><table class="result"><tr><th class="invisible"/></tr></table><p class="totop"><a href="#summary">back to summary</a></p>
<h3 id="m19">tests.cartManagement.RemoveFromCartTest#testRemoveAllItemsFromCart</h3><table class="result"><tr><th class="invisible"/></tr></table><p class="totop"><a href="#summary">back to summary</a></p>
<h3 id="m20">tests.cartManagement.RemoveFromCartTest#testRemoveItemFromCart</h3><table class="result"><tr class="param"><th>Parameter #1</th><th>Parameter #2</th><th>Parameter #3</th><th>Parameter #4</th></tr><tr class="param stripe"><td>S</td><td>Purple</td><td>Olivia 1/4 Zip Light Jacket</td><td>77.0</td></tr></table><p class="totop"><a href="#summary">back to summary</a></p>
<h3 id="m21">tests.cartManagement.RemoveFromCartTest#testRemoveItemFromCart</h3><table class="result"><tr class="param"><th>Parameter #1</th><th>Parameter #2</th><th>Parameter #3</th><th>Parameter #4</th></tr><tr class="param stripe"><td>XS</td><td>Orange</td><td>Neve Studio Dance Jacket</td><td>69.0</td></tr></table><p class="totop"><a href="#summary">back to summary</a></p>
<h3 id="m22">tests.cartManagement.RemoveFromCartTest#testRemoveItemFromCartFromMultipleItems</h3><table class="result"><tr><th class="invisible"/></tr></table><p class="totop"><a href="#summary">back to summary</a></p>
<h2>WishList Management Tests</h2><h3 id="m23">tests.wishlistManagement.TS_501_AddToWishlist#addFromCategoryListWithDetails</h3><table class="result"><tr><th>Exception</th></tr><tr><td><div class="stacktrace">java.lang.AssertionError: Wishlist page did NOT load after adding item! expected [true] but found [false]
	at tests.wishlistManagement.TS_501_AddToWishlist.addFromCategoryListWithDetails(TS_501_AddToWishlist.java:105)
	at java.base/java.util.concurrent.Executors$RunnableAdapter.call(Executors.java:572)
	at java.base/java.util.concurrent.FutureTask.run(FutureTask.java:317)
	at java.base/java.util.concurrent.ThreadPoolExecutor.runWorker(ThreadPoolExecutor.java:1144)
	at java.base/java.util.concurrent.ThreadPoolExecutor$Worker.run(ThreadPoolExecutor.java:642)
	at java.base/java.lang.Thread.run(Thread.java:1575)
... Removed 14 stack frames</div></td></tr></table><p class="totop"><a href="#summary">back to summary</a></p>
<h3 id="m24">tests.wishlistManagement.TS_504_ShareWishList#shareWishListWithInvalidEmail</h3><table class="result"><tr><th>Exception</th></tr><tr><td><div class="stacktrace">org.openqa.selenium.TimeoutException: Expected condition failed: waiting for element to be clickable: By.cssSelector: button.action.share[title=&apos;Share Wish List&apos;] (tried for 10 second(s) with 500 milliseconds interval)
Build info: version: &apos;4.28.1&apos;, revision: &apos;73f5ad48a2&apos;
System info: os.name: &apos;Mac OS X&apos;, os.arch: &apos;aarch64&apos;, os.version: &apos;15.3&apos;, java.version: &apos;23.0.2&apos;
Driver info: org.openqa.selenium.chrome.ChromeDriver
Capabilities {acceptInsecureCerts: false, browserName: chrome, browserVersion: 133.0.6943.127, chrome: {chromedriverVersion: 133.0.6943.126 (cffa127ce7b..., userDataDir: /var/folders/xb/lykg2kw15nj...}, fedcm:accounts: true, goog:chromeOptions: {debuggerAddress: localhost:62176}, networkConnectionEnabled: false, pageLoadStrategy: normal, platformName: mac, proxy: Proxy(), se:cdp: ws://localhost:62176/devtoo..., se:cdpVersion: 133.0.6943.127, setWindowRect: true, strictFileInteractability: false, timeouts: {implicit: 0, pageLoad: 300000, script: 30000}, unhandledPromptBehavior: dismiss and notify, webauthn:extension:credBlob: true, webauthn:extension:largeBlob: true, webauthn:extension:minPinLength: true, webauthn:extension:prf: true, webauthn:virtualAuthenticators: true}
Session ID: f7f9c91b82b6f7fa3e6a2b52a2c666d4
	at org.openqa.selenium.support.ui.WebDriverWait.timeoutException(WebDriverWait.java:84)
	at org.openqa.selenium.support.ui.FluentWait.until(FluentWait.java:228)
	at pom.WishlistPage.clickShareWishlist(WishlistPage.java:177)
	at tests.wishlistManagement.TS_504_ShareWishList.shareWishList(TS_504_ShareWishList.java:54)
	at tests.wishlistManagement.TS_504_ShareWishList.shareWishListWithInvalidEmail(TS_504_ShareWishList.java:44)
	at java.base/java.util.concurrent.Executors$RunnableAdapter.call(Executors.java:572)
	at java.base/java.util.concurrent.FutureTask.run(FutureTask.java:317)
	at java.base/java.util.concurrent.ThreadPoolExecutor.runWorker(ThreadPoolExecutor.java:1144)
	at java.base/java.util.concurrent.ThreadPoolExecutor$Worker.run(ThreadPoolExecutor.java:642)
	at java.base/java.lang.Thread.run(Thread.java:1575)
... Removed 11 stack frames</div></td></tr></table><p class="totop"><a href="#summary">back to summary</a></p>
<h3 id="m25">tests.wishlistManagement.TS_504_ShareWishList#shareWishListWithValidEmails</h3><table class="result"><tr><th>Exception</th></tr><tr><td><div class="stacktrace">org.openqa.selenium.TimeoutException: Expected condition failed: waiting for element to be clickable: By.cssSelector: button.action.share[title=&apos;Share Wish List&apos;] (tried for 10 second(s) with 500 milliseconds interval)
Build info: version: &apos;4.28.1&apos;, revision: &apos;73f5ad48a2&apos;
System info: os.name: &apos;Mac OS X&apos;, os.arch: &apos;aarch64&apos;, os.version: &apos;15.3&apos;, java.version: &apos;23.0.2&apos;
Driver info: org.openqa.selenium.chrome.ChromeDriver
Capabilities {acceptInsecureCerts: false, browserName: chrome, browserVersion: 133.0.6943.127, chrome: {chromedriverVersion: 133.0.6943.126 (cffa127ce7b..., userDataDir: /var/folders/xb/lykg2kw15nj...}, fedcm:accounts: true, goog:chromeOptions: {debuggerAddress: localhost:62176}, networkConnectionEnabled: false, pageLoadStrategy: normal, platformName: mac, proxy: Proxy(), se:cdp: ws://localhost:62176/devtoo..., se:cdpVersion: 133.0.6943.127, setWindowRect: true, strictFileInteractability: false, timeouts: {implicit: 0, pageLoad: 300000, script: 30000}, unhandledPromptBehavior: dismiss and notify, webauthn:extension:credBlob: true, webauthn:extension:largeBlob: true, webauthn:extension:minPinLength: true, webauthn:extension:prf: true, webauthn:virtualAuthenticators: true}
Session ID: f7f9c91b82b6f7fa3e6a2b52a2c666d4
	at org.openqa.selenium.support.ui.WebDriverWait.timeoutException(WebDriverWait.java:84)
	at org.openqa.selenium.support.ui.FluentWait.until(FluentWait.java:228)
	at pom.WishlistPage.clickShareWishlist(WishlistPage.java:177)
	at tests.wishlistManagement.TS_504_ShareWishList.shareWishList(TS_504_ShareWishList.java:54)
	at tests.wishlistManagement.TS_504_ShareWishList.shareWishListWithValidEmails(TS_504_ShareWishList.java:40)
	at java.base/java.util.concurrent.Executors$RunnableAdapter.call(Executors.java:572)
	at java.base/java.util.concurrent.FutureTask.run(FutureTask.java:317)
	at java.base/java.util.concurrent.ThreadPoolExecutor.runWorker(ThreadPoolExecutor.java:1144)
	at java.base/java.util.concurrent.ThreadPoolExecutor$Worker.run(ThreadPoolExecutor.java:642)
	at java.base/java.lang.Thread.run(Thread.java:1575)
... Removed 11 stack frames</div></td></tr></table><p class="totop"><a href="#summary">back to summary</a></p>
<h3 id="m26">tests.wishlistManagement.TS_505_EditWishlist#editItemInWishList</h3><table class="result"><tr><th>Exception</th></tr><tr><td><div class="stacktrace">java.lang.AssertionError: ❌ Test Failed: Previously selected options are NOT highlighted! expected [true] but found [false]
	at tests.wishlistManagement.TS_505_EditWishlist.editItemInWishList(TS_505_EditWishlist.java:36)
	at java.base/java.util.concurrent.Executors$RunnableAdapter.call(Executors.java:572)
	at java.base/java.util.concurrent.FutureTask.run(FutureTask.java:317)
	at java.base/java.util.concurrent.ThreadPoolExecutor.runWorker(ThreadPoolExecutor.java:1144)
	at java.base/java.util.concurrent.ThreadPoolExecutor$Worker.run(ThreadPoolExecutor.java:642)
	at java.base/java.lang.Thread.run(Thread.java:1575)
... Removed 14 stack frames</div></td></tr></table><p class="totop"><a href="#summary">back to summary</a></p>
<h3 id="m27">tests.wishlistManagement.TS_501_AddToWishlist#addFromProductPageWithDetails</h3><table class="result"><tr><th class="invisible"/></tr></table><p class="totop"><a href="#summary">back to summary</a></p>
<h3 id="m28">tests.wishlistManagement.TS_501_AddToWishlist#addFromProductPageWithoutDetails</h3><table class="result"><tr><th class="invisible"/></tr></table><p class="totop"><a href="#summary">back to summary</a></p>
<h3 id="m29">tests.wishlistManagement.TS_501_AddToWishlist#addToWishlistWithoutLogin</h3><table class="result"><tr><th class="invisible"/></tr></table><p class="totop"><a href="#summary">back to summary</a></p>
<h3 id="m30">tests.wishlistManagement.TS_502_RemoveFromWishList#WL009_removeItemFromWishlist</h3><table class="result"><tr><th class="invisible"/></tr></table><p class="totop"><a href="#summary">back to summary</a></p>
<h3 id="m31">tests.wishlistManagement.TS_503_EmptyWishlist#emptyTheWishlist</h3><table class="result"><tr><th class="invisible"/></tr></table><p class="totop"><a href="#summary">back to summary</a></p>
<h2>Login Functionality</h2><h3 id="m32">tests.loginFunctionality.LoginTest#testInvalidEmailFormat</h3><table class="result"><tr><th>Exception</th></tr><tr><td><div class="stacktrace">java.lang.AssertionError: Error message was not displayed for empty fields.
	at tests.loginFunctionality.LoginTest.testInvalidEmailFormat(LoginTest.java:157)
	at java.base/java.util.concurrent.Executors$RunnableAdapter.call(Executors.java:572)
	at java.base/java.util.concurrent.FutureTask.run(FutureTask.java:317)
	at java.base/java.util.concurrent.ThreadPoolExecutor.runWorker(ThreadPoolExecutor.java:1144)
	at java.base/java.util.concurrent.ThreadPoolExecutor$Worker.run(ThreadPoolExecutor.java:642)
	at java.base/java.lang.Thread.run(Thread.java:1575)
... Removed 12 stack frames</div></td></tr></table><p class="totop"><a href="#summary">back to summary</a></p>
<h3 id="m33">tests.loginFunctionality.LoginTest#LoginWithEmptyFields</h3><table class="result"><tr><th class="invisible"/></tr></table><p class="totop"><a href="#summary">back to summary</a></p>
<h3 id="m34">tests.loginFunctionality.LoginTest#testCorrectCredentials</h3><table class="result"><tr><th class="invisible"/></tr></table><p class="totop"><a href="#summary">back to summary</a></p>
<h3 id="m35">tests.loginFunctionality.LoginTest#testInsensivity</h3><table class="result"><tr><th class="invisible"/></tr></table><p class="totop"><a href="#summary">back to summary</a></p>
<h3 id="m36">tests.loginFunctionality.LoginTest#testLogout</h3><table class="result"><tr><th class="invisible"/></tr></table><p class="totop"><a href="#summary">back to summary</a></p>
<h3 id="m37">tests.loginFunctionality.LoginTest#testWrongCredentials</h3><table class="result"><tr><th class="invisible"/></tr></table><p class="totop"><a href="#summary">back to summary</a></p>
</body>
</html>
